2025-07-15 11:44:11,638 - logs - INFO - [-] thread_exit_orders: ryanoakes-real has no orders
2025-07-15 11:44:11,641 - urllib3.connectionpool - DEBUG - Starting new HTTP connection (1): 34.73.25.174:80
2025-07-15 11:44:11,729 - urllib3.connectionpool - DEBUG - http://34.73.25.174:80 "POST /order_list/ HTTP/11" 200 6843
2025-07-15 11:44:13,730 - logs - INFO - [-] thread_exit_orders: enlixir-real ### Finished the step - getting order list
2025-07-15 11:44:13,731 - logs - INFO - [-] thread_exit_orders: enlixir-real ### Finished the step - placing sell orders
2025-07-15 11:44:13,731 - logs - INFO - [-] thread_exit_orders: enlixir-real ### Finished the step - confirming sell orders (coverd strategy)
2025-07-15 11:44:13,731 - logs - INFO - [-] thread_exit_orders: enlixir-real ### Finished the step - confirming sell orders (naked strategy)
2025-07-15 11:44:13,732 - logs - INFO - [-] thread_exit_orders: enlixir-real ### Finished the step - checking expired orders
2025-07-15 11:44:13,732 - logs - INFO - [-] thread_exit_orders: enlixir-real ### Finished the step - placing orders to exit sell orders
2025-07-15 11:44:13,732 - logs - INFO - [-] thread_exit_orders: enlixir-real ### Finished the step - confirming exit sell orders
2025-07-15 11:44:13,732 - logs - INFO - [-] thread_exit_orders: enlixir-real ### Finished the step - placing orders to exit buy orders
2025-07-15 11:44:13,732 - logs - INFO - [-] thread_exit_orders: enlixir-real ### Finished the step - confirming exit buy orders
2025-07-15 11:44:13,733 - logs - INFO - [-] thread_exit_orders: enlixir-real finished
2025-07-15 11:44:13,733 - logs - ERROR - [-] thread_exit_orders: error: can't subtract offset-naive and offset-aware datetimes
2025-07-15 11:44:23,734 - logs - INFO - [-] thread_exit_orders: ryanoakes-real has no orders
2025-07-15 11:44:23,735 - urllib3.connectionpool - DEBUG - Starting new HTTP connection (1): 34.73.25.174:80
2025-07-15 11:44:23,822 - urllib3.connectionpool - DEBUG - http://34.73.25.174:80 "POST /order_list/ HTTP/11" 200 6843
2025-07-15 11:44:25,824 - logs - INFO - [-] thread_exit_orders: enlixir-real ### Finished the step - getting order list
2025-07-15 11:44:25,824 - logs - INFO - [-] thread_exit_orders: enlixir-real ### Finished the step - placing sell orders
2025-07-15 11:44:25,825 - logs - INFO - [-] thread_exit_orders: enlixir-real ### Finished the step - confirming sell orders (coverd strategy)
2025-07-15 11:44:25,825 - logs - INFO - [-] thread_exit_orders: enlixir-real ### Finished the step - confirming sell orders (naked strategy)
2025-07-15 11:44:25,825 - logs - INFO - [-] thread_exit_orders: enlixir-real ### Finished the step - checking expired orders
2025-07-15 11:44:25,825 - logs - INFO - [-] thread_exit_orders: enlixir-real ### Finished the step - placing orders to exit sell orders
2025-07-15 11:44:25,825 - logs - INFO - [-] thread_exit_orders: enlixir-real ### Finished the step - confirming exit sell orders
2025-07-15 11:44:25,826 - logs - INFO - [-] thread_exit_orders: enlixir-real ### Finished the step - placing orders to exit buy orders
2025-07-15 11:44:25,826 - logs - INFO - [-] thread_exit_orders: enlixir-real ### Finished the step - confirming exit buy orders
2025-07-15 11:44:25,826 - logs - INFO - [-] thread_exit_orders: enlixir-real finished
2025-07-15 11:44:25,826 - logs - ERROR - [-] thread_exit_orders: error: can't subtract offset-naive and offset-aware datetimes
2025-07-15 11:44:35,827 - logs - INFO - [-] thread_exit_orders: ryanoakes-real has no orders
2025-07-15 11:44:35,828 - urllib3.connectionpool - DEBUG - Starting new HTTP connection (1): 34.73.25.174:80
2025-07-15 11:44:35,916 - urllib3.connectionpool - DEBUG - http://34.73.25.174:80 "POST /order_list/ HTTP/11" 200 6843
2025-07-15 11:44:37,918 - logs - INFO - [-] thread_exit_orders: enlixir-real ### Finished the step - getting order list
2025-07-15 11:44:37,918 - logs - INFO - [-] thread_exit_orders: enlixir-real ### Finished the step - placing sell orders
2025-07-15 11:44:37,918 - logs - INFO - [-] thread_exit_orders: enlixir-real ### Finished the step - confirming sell orders (coverd strategy)
2025-07-15 11:44:37,919 - logs - INFO - [-] thread_exit_orders: enlixir-real ### Finished the step - confirming sell orders (naked strategy)
2025-07-15 11:44:37,919 - logs - INFO - [-] thread_exit_orders: enlixir-real ### Finished the step - checking expired orders
2025-07-15 11:44:37,919 - logs - INFO - [-] thread_exit_orders: enlixir-real ### Finished the step - placing orders to exit sell orders
2025-07-15 11:44:37,919 - logs - INFO - [-] thread_exit_orders: enlixir-real ### Finished the step - confirming exit sell orders
2025-07-15 11:44:37,919 - logs - INFO - [-] thread_exit_orders: enlixir-real ### Finished the step - placing orders to exit buy orders
2025-07-15 11:44:37,919 - logs - INFO - [-] thread_exit_orders: enlixir-real ### Finished the step - confirming exit buy orders
2025-07-15 11:44:37,920 - logs - INFO - [-] thread_exit_orders: enlixir-real finished
2025-07-15 11:44:37,920 - logs - ERROR - [-] thread_exit_orders: error: can't subtract offset-naive and offset-aware datetimes
2025-07-15 11:44:47,920 - logs - INFO - [-] thread_exit_orders: ryanoakes-real has no orders
2025-07-15 11:44:47,922 - urllib3.connectionpool - DEBUG - Starting new HTTP connection (1): 34.73.25.174:80
2025-07-15 11:44:48,007 - urllib3.connectionpool - DEBUG - http://34.73.25.174:80 "POST /order_list/ HTTP/11" 200 6843
2025-07-15 11:44:50,009 - logs - INFO - [-] thread_exit_orders: enlixir-real ### Finished the step - getting order list
2025-07-15 11:44:50,009 - logs - INFO - [-] thread_exit_orders: enlixir-real ### Finished the step - placing sell orders
2025-07-15 11:44:50,009 - logs - INFO - [-] thread_exit_orders: enlixir-real ### Finished the step - confirming sell orders (coverd strategy)
2025-07-15 11:44:50,010 - logs - INFO - [-] thread_exit_orders: enlixir-real ### Finished the step - confirming sell orders (naked strategy)
2025-07-15 11:44:50,010 - logs - INFO - [-] thread_exit_orders: enlixir-real ### Finished the step - checking expired orders
2025-07-15 11:44:50,010 - logs - INFO - [-] thread_exit_orders: enlixir-real ### Finished the step - placing orders to exit sell orders
2025-07-15 11:44:50,010 - logs - INFO - [-] thread_exit_orders: enlixir-real ### Finished the step - confirming exit sell orders
2025-07-15 11:44:50,010 - logs - INFO - [-] thread_exit_orders: enlixir-real ### Finished the step - placing orders to exit buy orders
2025-07-15 11:44:50,011 - logs - INFO - [-] thread_exit_orders: enlixir-real ### Finished the step - confirming exit buy orders
2025-07-15 11:44:50,011 - logs - INFO - [-] thread_exit_orders: enlixir-real finished
2025-07-15 11:44:50,011 - logs - ERROR - [-] thread_exit_orders: error: can't subtract offset-naive and offset-aware datetimes
2025-07-15 11:45:00,012 - logs - INFO - [-] thread_exit_orders: ryanoakes-real has no orders
2025-07-15 11:45:00,013 - urllib3.connectionpool - DEBUG - Starting new HTTP connection (1): 34.73.25.174:80
2025-07-15 11:45:00,100 - urllib3.connectionpool - DEBUG - http://34.73.25.174:80 "POST /order_list/ HTTP/11" 200 6843
2025-07-15 11:45:02,102 - logs - INFO - [-] thread_exit_orders: enlixir-real ### Finished the step - getting order list
2025-07-15 11:45:02,102 - logs - INFO - [-] thread_exit_orders: enlixir-real ### Finished the step - placing sell orders
2025-07-15 11:45:02,102 - logs - INFO - [-] thread_exit_orders: enlixir-real ### Finished the step - confirming sell orders (coverd strategy)
2025-07-15 11:45:02,102 - logs - INFO - [-] thread_exit_orders: enlixir-real ### Finished the step - confirming sell orders (naked strategy)
2025-07-15 11:45:02,103 - logs - INFO - [-] thread_exit_orders: enlixir-real ### Finished the step - checking expired orders
2025-07-15 11:45:02,103 - logs - INFO - [-] thread_exit_orders: enlixir-real ### Finished the step - placing orders to exit sell orders
2025-07-15 11:45:02,103 - logs - INFO - [-] thread_exit_orders: enlixir-real ### Finished the step - confirming exit sell orders
2025-07-15 11:45:02,103 - logs - INFO - [-] thread_exit_orders: enlixir-real ### Finished the step - placing orders to exit buy orders
2025-07-15 11:45:02,103 - logs - INFO - [-] thread_exit_orders: enlixir-real ### Finished the step - confirming exit buy orders
2025-07-15 11:45:02,104 - logs - INFO - [-] thread_exit_orders: enlixir-real finished
2025-07-15 11:45:02,104 - logs - ERROR - [-] thread_exit_orders: error: can't subtract offset-naive and offset-aware datetimes
2025-07-15 11:45:12,104 - logs - INFO - [-] thread_exit_orders: ryanoakes-real has no orders
2025-07-15 11:45:12,106 - urllib3.connectionpool - DEBUG - Starting new HTTP connection (1): 34.73.25.174:80
2025-07-15 11:45:12,193 - urllib3.connectionpool - DEBUG - http://34.73.25.174:80 "POST /order_list/ HTTP/11" 200 6843
2025-07-15 11:45:14,194 - logs - INFO - [-] thread_exit_orders: enlixir-real ### Finished the step - getting order list
2025-07-15 11:45:14,195 - logs - INFO - [-] thread_exit_orders: enlixir-real ### Finished the step - placing sell orders
2025-07-15 11:45:14,195 - logs - INFO - [-] thread_exit_orders: enlixir-real ### Finished the step - confirming sell orders (coverd strategy)
2025-07-15 11:45:14,195 - logs - INFO - [-] thread_exit_orders: enlixir-real ### Finished the step - confirming sell orders (naked strategy)
2025-07-15 11:45:14,195 - logs - INFO - [-] thread_exit_orders: enlixir-real ### Finished the step - checking expired orders
2025-07-15 11:45:14,196 - logs - INFO - [-] thread_exit_orders: enlixir-real ### Finished the step - placing orders to exit sell orders
2025-07-15 11:45:14,196 - logs - INFO - [-] thread_exit_orders: enlixir-real ### Finished the step - confirming exit sell orders
2025-07-15 11:45:14,196 - logs - INFO - [-] thread_exit_orders: enlixir-real ### Finished the step - placing orders to exit buy orders
2025-07-15 11:45:14,196 - logs - INFO - [-] thread_exit_orders: enlixir-real ### Finished the step - confirming exit buy orders
2025-07-15 11:45:14,196 - logs - INFO - [-] thread_exit_orders: enlixir-real finished
2025-07-15 11:45:14,197 - logs - ERROR - [-] thread_exit_orders: error: can't subtract offset-naive and offset-aware datetimes
2025-07-15 11:45:24,197 - logs - INFO - [-] thread_exit_orders: ryanoakes-real has no orders
2025-07-15 11:45:24,199 - urllib3.connectionpool - DEBUG - Starting new HTTP connection (1): 34.73.25.174:80
2025-07-15 11:45:24,285 - urllib3.connectionpool - DEBUG - http://34.73.25.174:80 "POST /order_list/ HTTP/11" 200 6843
2025-07-15 11:45:26,287 - logs - INFO - [-] thread_exit_orders: enlixir-real ### Finished the step - getting order list
2025-07-15 11:45:26,287 - logs - INFO - [-] thread_exit_orders: enlixir-real ### Finished the step - placing sell orders
2025-07-15 11:45:26,288 - logs - INFO - [-] thread_exit_orders: enlixir-real ### Finished the step - confirming sell orders (coverd strategy)
2025-07-15 11:45:26,289 - logs - INFO - [-] thread_exit_orders: enlixir-real ### Finished the step - confirming sell orders (naked strategy)
2025-07-15 11:45:26,289 - logs - INFO - [-] thread_exit_orders: enlixir-real ### Finished the step - checking expired orders
2025-07-15 11:45:26,289 - logs - INFO - [-] thread_exit_orders: enlixir-real ### Finished the step - placing orders to exit sell orders
2025-07-15 11:45:26,290 - logs - INFO - [-] thread_exit_orders: enlixir-real ### Finished the step - confirming exit sell orders
2025-07-15 11:45:26,290 - logs - INFO - [-] thread_exit_orders: enlixir-real ### Finished the step - placing orders to exit buy orders
2025-07-15 11:45:26,290 - logs - INFO - [-] thread_exit_orders: enlixir-real ### Finished the step - confirming exit buy orders
2025-07-15 11:45:26,290 - logs - INFO - [-] thread_exit_orders: enlixir-real finished
2025-07-15 11:45:26,290 - logs - ERROR - [-] thread_exit_orders: error: can't subtract offset-naive and offset-aware datetimes
2025-07-15 11:45:35,713 - logs - INFO - [-] thread_exit_orders: start
2025-07-15 11:45:35,714 - logs - INFO - [-] thread_exit_orders: ryanoakes-real has no orders
2025-07-15 11:45:35,714 - logs - INFO - [-] thread_exit_orders: enlixir-real has no orders
