2024-12-27 11:03:09,097 - logs - INFO - Trade context has been initiated
2024-12-27 11:03:09,168 - logs - CRITICAL - Unlock Trade success!
2024-12-27 11:40:42,845 - logs - INFO - received order creation request...
2024-12-27 11:40:42,847 - logs - INFO - {'symbol': 'US.SPXW241230C6070000', 'quantity': '1', 'side': 'BUY', 'type': 'MARKET', 'api_key': '7d4f8a12-1b3c-45e9-9b1a-2a6e0fc2e975', 'order_tag': 0}
2024-12-27 11:40:43,301 - logs - CRITICAL - Open position failed: You need to complete derivative's risk disclosure to make further trading. Please access: https://api.moomoo.com/v2/webview/jump?user_id=73350191&is_visitor=0&clienttype=60&clientver=8.01.4108&clientlang=0&url=202010451&jump_target=1007
2024-12-27 11:40:45,328 - logs - INFO - received order creation request...
2024-12-27 11:40:45,328 - logs - INFO - {'symbol': 'US.SPXW241230C6065000', 'quantity': '1', 'side': 'BUY', 'type': 'MARKET', 'api_key': '7d4f8a12-1b3c-45e9-9b1a-2a6e0fc2e975', 'order_tag': 0}
2024-12-27 11:40:45,555 - logs - CRITICAL - Open position failed: You need to complete derivative's risk disclosure to make further trading. Please access: https://api.moomoo.com/v2/webview/jump?user_id=73350191&is_visitor=0&clienttype=60&clientver=8.01.4108&clientlang=0&url=202010451&jump_target=1007
2024-12-27 11:40:47,567 - logs - INFO - received order creation request...
2024-12-27 11:40:47,567 - logs - INFO - {'symbol': 'US.SPXW241230C6060000', 'quantity': '1', 'side': 'BUY', 'type': 'MARKET', 'api_key': '7d4f8a12-1b3c-45e9-9b1a-2a6e0fc2e975', 'order_tag': 0}
2024-12-27 11:40:47,803 - logs - CRITICAL - Open position failed: You need to complete derivative's risk disclosure to make further trading. Please access: https://api.moomoo.com/v2/webview/jump?user_id=73350191&is_visitor=0&clienttype=60&clientver=8.01.4108&clientlang=0&url=202010451&jump_target=1007
2024-12-27 11:43:43,170 - logs - INFO - received order creation request...
2024-12-27 11:43:43,170 - logs - INFO - {'symbol': 'US.SPXW241230C6065000', 'quantity': '1', 'side': 'BUY', 'type': 'MARKET', 'api_key': '7d4f8a12-1b3c-45e9-9b1a-2a6e0fc2e975', 'order_tag': 0}
2024-12-27 11:43:43,363 - logs - CRITICAL - Open position failed: You need to complete derivative's risk disclosure to make further trading. Please access: https://api.moomoo.com/v2/webview/jump?user_id=73350191&is_visitor=0&clienttype=60&clientver=8.01.4108&clientlang=0&url=202010451&jump_target=1007
2024-12-27 11:43:45,373 - logs - INFO - received order creation request...
2024-12-27 11:43:45,374 - logs - INFO - {'symbol': 'US.SPXW241230C6060000', 'quantity': '1', 'side': 'BUY', 'type': 'MARKET', 'api_key': '7d4f8a12-1b3c-45e9-9b1a-2a6e0fc2e975', 'order_tag': 0}
2024-12-27 11:43:45,557 - logs - CRITICAL - Open position failed: You need to complete derivative's risk disclosure to make further trading. Please access: https://api.moomoo.com/v2/webview/jump?user_id=73350191&is_visitor=0&clienttype=60&clientver=8.01.4108&clientlang=0&url=202010451&jump_target=1007
2024-12-27 11:43:47,565 - logs - INFO - received order creation request...
2024-12-27 11:43:47,566 - logs - INFO - {'symbol': 'US.SPXW241230C6055000', 'quantity': '1', 'side': 'BUY', 'type': 'MARKET', 'api_key': '7d4f8a12-1b3c-45e9-9b1a-2a6e0fc2e975', 'order_tag': 0}
2024-12-27 11:43:47,797 - logs - CRITICAL - Open position failed: You need to complete derivative's risk disclosure to make further trading. Please access: https://api.moomoo.com/v2/webview/jump?user_id=73350191&is_visitor=0&clienttype=60&clientver=8.01.4108&clientlang=0&url=202010451&jump_target=1007
2024-12-30 09:40:17,450 - logs - INFO - received order creation request...
2024-12-30 09:40:17,452 - logs - INFO - {'symbol': 'US.SPXW241231C5995000', 'quantity': '1', 'side': 'BUY', 'type': 'MARKET', 'api_key': '7d4f8a12-1b3c-45e9-9b1a-2a6e0fc2e975', 'order_tag': 0}
2024-12-30 09:40:17,877 - logs - CRITICAL - Open position failed: Your current option level does not allow you to place buy-to-open options orders. Please upgrade your option level on your account. Please access: https://api.moomoo.com/v2/webview/jump?user_id=73350191&is_visitor=0&clienttype=60&clientver=8.01.4108&clientlang=0&url=202010676&jump_target=1007
2024-12-30 09:40:19,902 - logs - INFO - received order creation request...
2024-12-30 09:40:19,902 - logs - INFO - {'symbol': 'US.SPXW241231C5990000', 'quantity': '1', 'side': 'BUY', 'type': 'MARKET', 'api_key': '7d4f8a12-1b3c-45e9-9b1a-2a6e0fc2e975', 'order_tag': 0}
2024-12-30 09:40:20,100 - logs - CRITICAL - Open position failed: Your current option level does not allow you to place buy-to-open options orders. Please upgrade your option level on your account. Please access: https://api.moomoo.com/v2/webview/jump?user_id=73350191&is_visitor=0&clienttype=60&clientver=8.01.4108&clientlang=0&url=202010676&jump_target=1007
2024-12-30 09:40:22,111 - logs - INFO - received order creation request...
2024-12-30 09:40:22,112 - logs - INFO - {'symbol': 'US.SPXW241231C5985000', 'quantity': '1', 'side': 'BUY', 'type': 'MARKET', 'api_key': '7d4f8a12-1b3c-45e9-9b1a-2a6e0fc2e975', 'order_tag': 0}
2024-12-30 09:40:22,335 - logs - CRITICAL - Open position failed: Your current option level does not allow you to place buy-to-open options orders. Please upgrade your option level on your account. Please access: https://api.moomoo.com/v2/webview/jump?user_id=73350191&is_visitor=0&clienttype=60&clientver=8.01.4108&clientlang=0&url=202010676&jump_target=1007
2024-12-30 09:46:17,777 - logs - INFO - received order creation request...
2024-12-30 09:46:17,778 - logs - INFO - {'symbol': 'US.SPXW241231C5990000', 'quantity': '1', 'side': 'BUY', 'type': 'MARKET', 'api_key': '7d4f8a12-1b3c-45e9-9b1a-2a6e0fc2e975', 'order_tag': 0}
2024-12-30 09:46:17,998 - logs - CRITICAL - Open position failed: Your current option level does not allow you to place buy-to-open options orders. Please upgrade your option level on your account. Please access: https://api.moomoo.com/v2/webview/jump?user_id=73350191&is_visitor=0&clienttype=60&clientver=8.01.4108&clientlang=0&url=202010676&jump_target=1007
2024-12-30 09:46:20,015 - logs - INFO - received order creation request...
2024-12-30 09:46:20,016 - logs - INFO - {'symbol': 'US.SPXW241231C5985000', 'quantity': '1', 'side': 'BUY', 'type': 'MARKET', 'api_key': '7d4f8a12-1b3c-45e9-9b1a-2a6e0fc2e975', 'order_tag': 0}
2024-12-30 09:46:20,186 - logs - CRITICAL - Open position failed: Your current option level does not allow you to place buy-to-open options orders. Please upgrade your option level on your account. Please access: https://api.moomoo.com/v2/webview/jump?user_id=73350191&is_visitor=0&clienttype=60&clientver=8.01.4108&clientlang=0&url=202010676&jump_target=1007
2024-12-30 09:46:22,204 - logs - INFO - received order creation request...
2024-12-30 09:46:22,205 - logs - INFO - {'symbol': 'US.SPXW241231C5980000', 'quantity': '1', 'side': 'BUY', 'type': 'MARKET', 'api_key': '7d4f8a12-1b3c-45e9-9b1a-2a6e0fc2e975', 'order_tag': 0}
2024-12-30 09:46:22,423 - logs - CRITICAL - Open position failed: Your current option level does not allow you to place buy-to-open options orders. Please upgrade your option level on your account. Please access: https://api.moomoo.com/v2/webview/jump?user_id=73350191&is_visitor=0&clienttype=60&clientver=8.01.4108&clientlang=0&url=202010676&jump_target=1007
2025-01-02 11:39:50,704 - logs - INFO - received order creation request...
2025-01-02 11:39:50,706 - logs - INFO - {'symbol': 'US.SPXW250103P5805000', 'quantity': '1', 'side': 'BUY', 'type': 'MARKET', 'api_key': '7d4f8a12-1b3c-45e9-9b1a-2a6e0fc2e975', 'order_tag': 0}
2025-01-02 11:48:50,486 - logs - INFO - received order creation request...
2025-01-02 11:48:50,486 - logs - INFO - {'symbol': 'US.SPXW250103P5805000', 'quantity': '1', 'side': 'BUY', 'type': 'MARKET', 'api_key': '7d4f8a12-1b3c-45e9-9b1a-2a6e0fc2e975', 'order_tag': 0}
2025-01-02 12:12:54,905 - logs - INFO - received order creation request...
2025-01-02 12:12:54,909 - logs - INFO - {'symbol': 'US.SPXW250103P5805000', 'quantity': '1', 'side': 'BUY', 'type': 'MARKET', 'api_key': '7d4f8a12-1b3c-45e9-9b1a-2a6e0fc2e975', 'order_tag': 0}
2025-01-02 12:24:50,175 - logs - INFO - received order creation request...
2025-01-02 12:24:50,175 - logs - INFO - {'symbol': 'US.SPXW250103C5990000', 'quantity': '1', 'side': 'BUY', 'type': 'MARKET', 'api_key': '7d4f8a12-1b3c-45e9-9b1a-2a6e0fc2e975', 'order_tag': 0}
2025-01-02 12:30:50,300 - logs - INFO - received order creation request...
2025-01-02 12:30:50,300 - logs - INFO - {'symbol': 'US.SPXW250103C5970000', 'quantity': '1', 'side': 'BUY', 'type': 'MARKET', 'api_key': '7d4f8a12-1b3c-45e9-9b1a-2a6e0fc2e975', 'order_tag': 0}
2025-01-02 12:36:54,959 - logs - INFO - received order creation request...
2025-01-02 12:36:54,960 - logs - INFO - {'symbol': 'US.SPXW250103C5955000', 'quantity': '1', 'side': 'BUY', 'type': 'MARKET', 'api_key': '7d4f8a12-1b3c-45e9-9b1a-2a6e0fc2e975', 'order_tag': 0}
2025-01-02 12:42:50,409 - logs - INFO - received order creation request...
2025-01-02 12:42:50,410 - logs - INFO - {'symbol': 'US.SPXW250103C5955000', 'quantity': '1', 'side': 'BUY', 'type': 'MARKET', 'api_key': '7d4f8a12-1b3c-45e9-9b1a-2a6e0fc2e975', 'order_tag': 0}
2025-01-02 12:48:50,102 - logs - INFO - received order creation request...
2025-01-02 12:48:50,102 - logs - INFO - {'symbol': 'US.SPXW250103C5950000', 'quantity': '1', 'side': 'BUY', 'type': 'MARKET', 'api_key': '7d4f8a12-1b3c-45e9-9b1a-2a6e0fc2e975', 'order_tag': 0}
2025-01-02 13:12:50,189 - logs - INFO - received order creation request...
2025-01-02 13:12:50,191 - logs - INFO - {'symbol': 'US.SPXW250103C5950000', 'quantity': '1', 'side': 'BUY', 'type': 'MARKET', 'api_key': '7d4f8a12-1b3c-45e9-9b1a-2a6e0fc2e975', 'order_tag': 0}
2025-01-02 13:24:51,539 - logs - INFO - received order creation request...
2025-01-02 13:24:51,540 - logs - INFO - {'symbol': 'US.SPXW250103C5945000', 'quantity': '1', 'side': 'BUY', 'type': 'MARKET', 'api_key': '7d4f8a12-1b3c-45e9-9b1a-2a6e0fc2e975', 'order_tag': 0}
2025-01-02 14:33:49,918 - logs - INFO - received order creation request...
2025-01-02 14:33:49,921 - logs - INFO - {'symbol': 'US.SPXW250103C5955000', 'quantity': '1', 'side': 'BUY', 'type': 'MARKET', 'api_key': '7d4f8a12-1b3c-45e9-9b1a-2a6e0fc2e975', 'order_tag': 0}
2025-01-02 14:57:52,047 - logs - INFO - received order creation request...
2025-01-02 14:57:52,048 - logs - INFO - {'symbol': 'US.SPXW250103C5950000', 'quantity': '1', 'side': 'BUY', 'type': 'MARKET', 'api_key': '7d4f8a12-1b3c-45e9-9b1a-2a6e0fc2e975', 'order_tag': 0}
2025-01-03 09:30:42,725 - logs - INFO - received order creation request...
2025-01-03 09:30:42,729 - logs - INFO - {'symbol': 'US.SPXW250106P5805000', 'quantity': '1', 'side': 'BUY', 'type': 'MARKET', 'api_key': '7d4f8a12-1b3c-45e9-9b1a-2a6e0fc2e975', 'order_tag': 0}
2025-01-03 09:39:50,690 - logs - INFO - received order creation request...
2025-01-03 09:39:50,690 - logs - INFO - {'symbol': 'US.SPXW250106P5815000', 'quantity': '1', 'side': 'BUY', 'type': 'MARKET', 'api_key': '7d4f8a12-1b3c-45e9-9b1a-2a6e0fc2e975', 'order_tag': 0}
2025-01-03 10:57:43,920 - logs - INFO - received order creation request...
2025-01-03 10:57:43,923 - logs - INFO - {'symbol': 'US.SPXW250106P5810000', 'quantity': '1', 'side': 'BUY', 'type': 'MARKET', 'api_key': '7d4f8a12-1b3c-45e9-9b1a-2a6e0fc2e975'}
2025-01-03 11:18:42,006 - logs - INFO - received order creation request...
2025-01-03 11:18:42,006 - logs - INFO - {'symbol': 'US.SPXW250106P5810000', 'quantity': '1', 'side': 'BUY', 'type': 'MARKET', 'api_key': '7d4f8a12-1b3c-45e9-9b1a-2a6e0fc2e975'}
2025-01-03 11:24:41,895 - logs - INFO - received order creation request...
2025-01-03 11:24:41,896 - logs - INFO - {'symbol': 'US.SPXW250106P5815000', 'quantity': '1', 'side': 'BUY', 'type': 'MARKET', 'api_key': '7d4f8a12-1b3c-45e9-9b1a-2a6e0fc2e975'}
2025-01-03 11:30:41,901 - logs - INFO - received order creation request...
2025-01-03 11:30:41,901 - logs - INFO - {'symbol': 'US.SPXW250106P5820000', 'quantity': '1', 'side': 'BUY', 'type': 'MARKET', 'api_key': '7d4f8a12-1b3c-45e9-9b1a-2a6e0fc2e975'}
2025-01-03 11:42:42,480 - logs - INFO - received order creation request...
2025-01-03 11:42:42,481 - logs - INFO - {'symbol': 'US.SPXW250106P5830000', 'quantity': '1', 'side': 'BUY', 'type': 'MARKET', 'api_key': '7d4f8a12-1b3c-45e9-9b1a-2a6e0fc2e975'}
2025-01-03 11:59:22,802 - logs - CRITICAL - Open position failed: invalid connid
2025-01-03 11:59:22,803 - logs - CRITICAL - Open position failed: invalid connid
2025-01-03 11:59:22,804 - logs - CRITICAL - Open position failed: invalid connid
2025-01-03 11:59:22,806 - logs - CRITICAL - Open position failed: invalid connid
2025-01-03 11:59:22,806 - logs - CRITICAL - Open position failed: invalid connid
2025-01-03 11:59:22,807 - logs - CRITICAL - Open position failed: invalid connid
2025-01-03 11:59:22,807 - logs - CRITICAL - Open position failed: invalid connid
2025-01-03 11:59:22,808 - logs - CRITICAL - Open position failed: invalid connid
2025-01-03 11:59:22,808 - logs - CRITICAL - Open position failed: invalid connid
2025-01-03 11:59:22,808 - logs - CRITICAL - Open position failed: invalid connid
2025-01-03 11:59:22,809 - logs - CRITICAL - Open position failed: invalid connid
2025-01-03 11:59:22,809 - logs - CRITICAL - Open position failed: invalid connid
2025-01-03 11:59:22,810 - logs - CRITICAL - Open position failed: invalid connid
2025-01-03 11:59:22,811 - logs - CRITICAL - Open position failed: invalid connid
2025-01-03 11:59:22,811 - logs - CRITICAL - Open position failed: invalid connid
2025-01-03 11:59:22,812 - logs - CRITICAL - Open position failed: invalid connid
2025-01-03 11:59:22,813 - logs - CRITICAL - Open position failed: invalid connid
2025-01-03 11:59:22,819 - logs - CRITICAL - Open position failed: invalid connid
2025-01-03 11:59:22,819 - logs - CRITICAL - Open position failed: invalid connid
2025-01-03 12:02:59,155 - logs - INFO - Trade context has been initiated
2025-01-03 12:02:59,231 - logs - CRITICAL - Unlock Trade success!
2025-01-06 13:30:15,747 - logs - INFO - received order creation request...
2025-01-06 13:30:15,750 - logs - INFO - {'symbol': 'US.SPXW250107C6100000', 'quantity': '1', 'side': 'BUY', 'type': 'MARKET', 'api_key': '7d4f8a12-1b3c-45e9-9b1a-2a6e0fc2e975'}
2025-01-06 13:30:16,308 - logs - INFO - Order has been sent successfully
2025-01-06 13:30:24,503 - logs - INFO - received order creation request...
2025-01-06 13:30:24,504 - logs - INFO - {'symbol': 'US.SPXW250107C6000000', 'quantity': '1', 'side': 'SELL', 'type': 'MARKET', 'api_key': '7d4f8a12-1b3c-45e9-9b1a-2a6e0fc2e975'}
2025-01-06 13:30:24,769 - logs - INFO - Order has been sent successfully
2025-01-06 13:42:16,625 - logs - INFO - received order creation request...
2025-01-06 13:42:16,627 - logs - INFO - {'symbol': 'US.SPXW250107C6095000', 'quantity': '1', 'side': 'BUY', 'type': 'MARKET', 'api_key': '7d4f8a12-1b3c-45e9-9b1a-2a6e0fc2e975'}
2025-01-06 13:42:16,884 - logs - INFO - Order has been sent successfully
2025-01-06 13:42:25,492 - logs - INFO - received order creation request...
2025-01-06 13:42:25,492 - logs - INFO - {'symbol': 'US.SPXW250107C5995000', 'quantity': '1', 'side': 'SELL', 'type': 'MARKET', 'api_key': '7d4f8a12-1b3c-45e9-9b1a-2a6e0fc2e975'}
2025-01-06 13:42:25,826 - logs - INFO - Order has been sent successfully
2025-01-06 13:48:14,840 - logs - INFO - received order creation request...
2025-01-06 13:48:14,840 - logs - INFO - {'symbol': 'US.SPXW250107C6090000', 'quantity': '1', 'side': 'BUY', 'type': 'MARKET', 'api_key': '7d4f8a12-1b3c-45e9-9b1a-2a6e0fc2e975'}
2025-01-06 13:48:15,066 - logs - INFO - Order has been sent successfully
2025-01-06 13:48:19,872 - logs - INFO - received order creation request...
2025-01-06 13:48:19,872 - logs - INFO - {'symbol': 'US.SPXW250107C5990000', 'quantity': '1', 'side': 'SELL', 'type': 'MARKET', 'api_key': '7d4f8a12-1b3c-45e9-9b1a-2a6e0fc2e975'}
2025-01-06 13:48:20,113 - logs - INFO - Order has been sent successfully
2025-01-06 14:00:16,773 - logs - INFO - received order creation request...
2025-01-06 14:00:16,775 - logs - INFO - {'symbol': 'US.SPXW250107C6080000', 'quantity': '1', 'side': 'BUY', 'type': 'MARKET', 'api_key': '7d4f8a12-1b3c-45e9-9b1a-2a6e0fc2e975'}
2025-01-06 14:00:17,063 - logs - INFO - Order has been sent successfully
2025-01-06 14:00:30,904 - logs - INFO - received order creation request...
2025-01-06 14:00:30,904 - logs - INFO - {'symbol': 'US.SPXW250107C5980000', 'quantity': '1', 'side': 'SELL', 'type': 'MARKET', 'api_key': '7d4f8a12-1b3c-45e9-9b1a-2a6e0fc2e975'}
2025-01-06 14:00:31,150 - logs - INFO - Order has been sent successfully
2025-01-06 14:09:14,909 - logs - INFO - received order creation request...
2025-01-06 14:09:14,909 - logs - INFO - {'symbol': 'US.SPXW250107C6085000', 'quantity': '1', 'side': 'BUY', 'type': 'MARKET', 'api_key': '7d4f8a12-1b3c-45e9-9b1a-2a6e0fc2e975'}
2025-01-06 14:09:15,379 - logs - INFO - Order has been sent successfully
2025-01-06 14:09:25,205 - logs - INFO - received order creation request...
2025-01-06 14:09:25,206 - logs - INFO - {'symbol': 'US.SPXW250107C5985000', 'quantity': '1', 'side': 'SELL', 'type': 'MARKET', 'api_key': '7d4f8a12-1b3c-45e9-9b1a-2a6e0fc2e975'}
2025-01-06 14:09:25,447 - logs - INFO - Order has been sent successfully
2025-01-06 15:54:52,862 - logs - INFO - received order creation request...
2025-01-06 15:54:52,866 - logs - INFO - {'symbol': 'US.SPXW250107C6000000', 'quantity': 1, 'side': 'BUY', 'type': 'MARKET', 'api_key': '7d4f8a12-1b3c-45e9-9b1a-2a6e0fc2e975'}
2025-01-06 15:54:53,311 - logs - INFO - Order has been sent successfully
2025-01-06 15:54:56,320 - logs - INFO - received order creation request...
2025-01-06 15:54:56,320 - logs - INFO - {'symbol': 'US.SPXW250107C5995000', 'quantity': 1, 'side': 'BUY', 'type': 'MARKET', 'api_key': '7d4f8a12-1b3c-45e9-9b1a-2a6e0fc2e975'}
2025-01-06 15:54:56,537 - logs - INFO - Order has been sent successfully
2025-01-06 15:54:59,546 - logs - INFO - received order creation request...
2025-01-06 15:54:59,546 - logs - INFO - {'symbol': 'US.SPXW250107C5990000', 'quantity': 1, 'side': 'BUY', 'type': 'MARKET', 'api_key': '7d4f8a12-1b3c-45e9-9b1a-2a6e0fc2e975'}
2025-01-06 15:55:00,111 - logs - INFO - Order has been sent successfully
2025-01-06 15:55:03,121 - logs - INFO - received order creation request...
2025-01-06 15:55:03,121 - logs - INFO - {'symbol': 'US.SPXW250107C5980000', 'quantity': 1, 'side': 'BUY', 'type': 'MARKET', 'api_key': '7d4f8a12-1b3c-45e9-9b1a-2a6e0fc2e975'}
2025-01-06 15:55:03,307 - logs - INFO - Order has been sent successfully
2025-01-06 15:55:06,315 - logs - INFO - received order creation request...
2025-01-06 15:55:06,316 - logs - INFO - {'symbol': 'US.SPXW250107C5985000', 'quantity': 1, 'side': 'BUY', 'type': 'MARKET', 'api_key': '7d4f8a12-1b3c-45e9-9b1a-2a6e0fc2e975'}
2025-01-06 15:55:06,540 - logs - INFO - Order has been sent successfully
2025-01-06 15:55:09,549 - logs - INFO - received order creation request...
2025-01-06 15:55:09,549 - logs - INFO - {'symbol': 'US.SPXW250107C6100000', 'quantity': 1, 'side': 'SELL', 'type': 'MARKET', 'api_key': '7d4f8a12-1b3c-45e9-9b1a-2a6e0fc2e975'}
2025-01-06 15:55:09,781 - logs - INFO - Order has been sent successfully
2025-01-06 15:55:11,792 - logs - INFO - received order creation request...
2025-01-06 15:55:11,792 - logs - INFO - {'symbol': 'US.SPXW250107C6095000', 'quantity': 1, 'side': 'SELL', 'type': 'MARKET', 'api_key': '7d4f8a12-1b3c-45e9-9b1a-2a6e0fc2e975'}
2025-01-06 15:55:12,008 - logs - INFO - Order has been sent successfully
2025-01-06 15:55:14,018 - logs - INFO - received order creation request...
2025-01-06 15:55:14,018 - logs - INFO - {'symbol': 'US.SPXW250107C6090000', 'quantity': 1, 'side': 'SELL', 'type': 'MARKET', 'api_key': '7d4f8a12-1b3c-45e9-9b1a-2a6e0fc2e975'}
2025-01-06 15:55:14,233 - logs - INFO - Order has been sent successfully
2025-01-06 15:55:16,243 - logs - INFO - received order creation request...
2025-01-06 15:55:16,243 - logs - INFO - {'symbol': 'US.SPXW250107C6080000', 'quantity': 1, 'side': 'SELL', 'type': 'MARKET', 'api_key': '7d4f8a12-1b3c-45e9-9b1a-2a6e0fc2e975'}
2025-01-06 15:55:16,531 - logs - INFO - Order has been sent successfully
2025-01-06 15:55:18,541 - logs - INFO - received order creation request...
2025-01-06 15:55:18,541 - logs - INFO - {'symbol': 'US.SPXW250107C6085000', 'quantity': 1, 'side': 'SELL', 'type': 'MARKET', 'api_key': '7d4f8a12-1b3c-45e9-9b1a-2a6e0fc2e975'}
2025-01-06 15:55:18,798 - logs - INFO - Order has been sent successfully
2025-01-06 15:55:20,808 - logs - INFO - received order creation request...
2025-01-06 15:55:20,808 - logs - INFO - {'symbol': 'US.QQQ250107C533000', 'quantity': 1, 'side': 'SELL', 'type': 'MARKET', 'api_key': 'fb7c1234-25ae-48b6-9f7f-9b3f98d76543'}
2025-01-06 15:55:21,079 - logs - INFO - Order has been sent successfully
2025-01-06 15:55:23,089 - logs - INFO - received order creation request...
2025-01-06 15:55:23,090 - logs - INFO - {'symbol': 'US.QQQ250107C532000', 'quantity': 3, 'side': 'SELL', 'type': 'MARKET', 'api_key': 'fb7c1234-25ae-48b6-9f7f-9b3f98d76543'}
2025-01-06 15:55:23,335 - logs - INFO - Order has been sent successfully
2025-01-06 15:55:25,344 - logs - INFO - received order creation request...
2025-01-06 15:55:25,345 - logs - INFO - {'symbol': 'US.QQQ250107C531000', 'quantity': 3, 'side': 'SELL', 'type': 'MARKET', 'api_key': 'fb7c1234-25ae-48b6-9f7f-9b3f98d76543'}
2025-01-06 15:55:25,661 - logs - INFO - Order has been sent successfully
2025-01-06 15:55:27,672 - logs - INFO - received order creation request...
2025-01-06 15:55:27,672 - logs - INFO - {'symbol': 'US.QQQ250107C530000', 'quantity': 1, 'side': 'SELL', 'type': 'MARKET', 'api_key': 'fb7c1234-25ae-48b6-9f7f-9b3f98d76543'}
2025-01-06 15:55:28,088 - logs - INFO - Order has been sent successfully
2025-01-06 15:55:30,097 - logs - INFO - received order creation request...
2025-01-06 15:55:30,097 - logs - INFO - {'symbol': 'US.SPY250107C605000', 'quantity': 2, 'side': 'SELL', 'type': 'MARKET', 'api_key': 'fb7c1234-25ae-48b6-9f7f-9b3f98d76543'}
2025-01-06 15:55:30,364 - logs - INFO - Order has been sent successfully
2025-01-06 15:55:32,372 - logs - INFO - received order creation request...
2025-01-06 15:55:32,372 - logs - INFO - {'symbol': 'US.SPY250107C604000', 'quantity': 1, 'side': 'SELL', 'type': 'MARKET', 'api_key': 'fb7c1234-25ae-48b6-9f7f-9b3f98d76543'}
2025-01-06 15:55:32,735 - logs - INFO - Order has been sent successfully
2025-01-06 15:55:34,745 - logs - INFO - received order creation request...
2025-01-06 15:55:34,745 - logs - INFO - {'symbol': 'US.SPY250107C603000', 'quantity': 2, 'side': 'SELL', 'type': 'MARKET', 'api_key': 'fb7c1234-25ae-48b6-9f7f-9b3f98d76543'}
2025-01-06 15:55:35,001 - logs - CRITICAL - Open position failed: Insufficient buying power. To proceed you will need to deposit necessary funds or cancel any open orders.
2025-01-06 15:55:38,010 - logs - INFO - received order creation request...
2025-01-06 15:55:38,010 - logs - INFO - {'symbol': 'US.SPY250107C603000', 'quantity': 2, 'side': 'SELL', 'type': 'MARKET', 'api_key': 'fb7c1234-25ae-48b6-9f7f-9b3f98d76543'}
2025-01-06 15:55:38,239 - logs - CRITICAL - Open position failed: Insufficient buying power. To proceed you will need to deposit necessary funds or cancel any open orders.
2025-01-06 15:55:41,246 - logs - INFO - received order creation request...
2025-01-06 15:55:41,247 - logs - INFO - {'symbol': 'US.SPY250107C603000', 'quantity': 2, 'side': 'SELL', 'type': 'MARKET', 'api_key': 'fb7c1234-25ae-48b6-9f7f-9b3f98d76543'}
2025-01-06 15:55:41,518 - logs - CRITICAL - Open position failed: Insufficient buying power. To proceed you will need to deposit necessary funds or cancel any open orders.
2025-01-06 15:55:44,526 - logs - INFO - received order creation request...
2025-01-06 15:55:44,527 - logs - INFO - {'symbol': 'US.SPY250107C602000', 'quantity': 2, 'side': 'SELL', 'type': 'MARKET', 'api_key': 'fb7c1234-25ae-48b6-9f7f-9b3f98d76543'}
2025-01-06 15:55:44,814 - logs - CRITICAL - Open position failed: Insufficient buying power. To proceed you will need to deposit necessary funds or cancel any open orders.
2025-01-06 15:55:47,822 - logs - INFO - received order creation request...
2025-01-06 15:55:47,822 - logs - INFO - {'symbol': 'US.SPY250107C602000', 'quantity': 2, 'side': 'SELL', 'type': 'MARKET', 'api_key': 'fb7c1234-25ae-48b6-9f7f-9b3f98d76543'}
2025-01-06 15:55:48,029 - logs - CRITICAL - Open position failed: Insufficient buying power. To proceed you will need to deposit necessary funds or cancel any open orders.
2025-01-06 15:55:51,038 - logs - INFO - received order creation request...
2025-01-06 15:55:51,038 - logs - INFO - {'symbol': 'US.SPY250107C602000', 'quantity': 2, 'side': 'SELL', 'type': 'MARKET', 'api_key': 'fb7c1234-25ae-48b6-9f7f-9b3f98d76543'}
2025-01-06 15:55:51,257 - logs - CRITICAL - Open position failed: Insufficient buying power. To proceed you will need to deposit necessary funds or cancel any open orders.
2025-01-07 09:30:07,881 - logs - INFO - received order creation request...
2025-01-07 09:30:07,890 - logs - INFO - {'symbol': 'US.SPXW250108P5895000', 'quantity': '1', 'side': 'BUY', 'type': 'MARKET', 'api_key': '7d4f8a12-1b3c-45e9-9b1a-2a6e0fc2e975'}
2025-01-07 09:30:08,296 - logs - CRITICAL - Open position failed: Order failed because you haven't confirmed the Day-Trading Risk Disclosure. Please access: https://api.moomoo.com/v2/webview/jump?user_id=73350191&is_visitor=0&clienttype=60&clientver=8.01.4108&clientlang=0&url=800821&jump_target=1007
2025-01-07 09:30:10,311 - logs - INFO - received order creation request...
2025-01-07 09:30:10,311 - logs - INFO - {'symbol': 'US.SPXW250108P5900000', 'quantity': '1', 'side': 'BUY', 'type': 'MARKET', 'api_key': '7d4f8a12-1b3c-45e9-9b1a-2a6e0fc2e975'}
2025-01-07 09:30:10,553 - logs - CRITICAL - Open position failed: Order failed because you haven't confirmed the Day-Trading Risk Disclosure. Please access: https://api.moomoo.com/v2/webview/jump?user_id=73350191&is_visitor=0&clienttype=60&clientver=8.01.4108&clientlang=0&url=800821&jump_target=1007
2025-01-07 09:30:12,567 - logs - INFO - received order creation request...
2025-01-07 09:30:12,568 - logs - INFO - {'symbol': 'US.SPXW250108P5905000', 'quantity': '1', 'side': 'BUY', 'type': 'MARKET', 'api_key': '7d4f8a12-1b3c-45e9-9b1a-2a6e0fc2e975'}
2025-01-07 09:30:12,817 - logs - CRITICAL - Open position failed: Order failed because you haven't confirmed the Day-Trading Risk Disclosure. Please access: https://api.moomoo.com/v2/webview/jump?user_id=73350191&is_visitor=0&clienttype=60&clientver=8.01.4108&clientlang=0&url=800821&jump_target=1007
2025-01-07 10:03:08,875 - logs - INFO - received order creation request...
2025-01-07 10:03:08,879 - logs - INFO - {'symbol': 'US.SPXW250108C6070000', 'quantity': '1', 'side': 'BUY', 'type': 'MARKET', 'api_key': '7d4f8a12-1b3c-45e9-9b1a-2a6e0fc2e975'}
2025-01-07 10:03:09,318 - logs - CRITICAL - Open position failed: Order failed because you haven't confirmed the Day-Trading Risk Disclosure. Please access: https://api.moomoo.com/v2/webview/jump?user_id=73350191&is_visitor=0&clienttype=60&clientver=8.01.4108&clientlang=0&url=800821&jump_target=1007
2025-01-07 10:03:11,333 - logs - INFO - received order creation request...
2025-01-07 10:03:11,333 - logs - INFO - {'symbol': 'US.SPXW250108C6065000', 'quantity': '1', 'side': 'BUY', 'type': 'MARKET', 'api_key': '7d4f8a12-1b3c-45e9-9b1a-2a6e0fc2e975'}
2025-01-07 10:03:11,583 - logs - CRITICAL - Open position failed: Order failed because you haven't confirmed the Day-Trading Risk Disclosure. Please access: https://api.moomoo.com/v2/webview/jump?user_id=73350191&is_visitor=0&clienttype=60&clientver=8.01.4108&clientlang=0&url=800821&jump_target=1007
2025-01-07 10:03:13,592 - logs - INFO - received order creation request...
2025-01-07 10:03:13,592 - logs - INFO - {'symbol': 'US.SPXW250108C6060000', 'quantity': '1', 'side': 'BUY', 'type': 'MARKET', 'api_key': '7d4f8a12-1b3c-45e9-9b1a-2a6e0fc2e975'}
2025-01-07 10:03:13,824 - logs - CRITICAL - Open position failed: Order failed because you haven't confirmed the Day-Trading Risk Disclosure. Please access: https://api.moomoo.com/v2/webview/jump?user_id=73350191&is_visitor=0&clienttype=60&clientver=8.01.4108&clientlang=0&url=800821&jump_target=1007
2025-01-07 10:09:08,996 - logs - INFO - received order creation request...
2025-01-07 10:09:08,996 - logs - INFO - {'symbol': 'US.SPXW250108C6060000', 'quantity': '1', 'side': 'BUY', 'type': 'MARKET', 'api_key': '7d4f8a12-1b3c-45e9-9b1a-2a6e0fc2e975'}
2025-01-07 10:09:09,258 - logs - CRITICAL - Open position failed: Order failed because you haven't confirmed the Day-Trading Risk Disclosure. Please access: https://api.moomoo.com/v2/webview/jump?user_id=73350191&is_visitor=0&clienttype=60&clientver=8.01.4108&clientlang=0&url=800821&jump_target=1007
2025-01-07 10:09:11,283 - logs - INFO - received order creation request...
2025-01-07 10:09:11,284 - logs - INFO - {'symbol': 'US.SPXW250108C6055000', 'quantity': '1', 'side': 'BUY', 'type': 'MARKET', 'api_key': '7d4f8a12-1b3c-45e9-9b1a-2a6e0fc2e975'}
2025-01-07 10:09:11,507 - logs - CRITICAL - Open position failed: Order failed because you haven't confirmed the Day-Trading Risk Disclosure. Please access: https://api.moomoo.com/v2/webview/jump?user_id=73350191&is_visitor=0&clienttype=60&clientver=8.01.4108&clientlang=0&url=800821&jump_target=1007
2025-01-07 10:09:13,516 - logs - INFO - received order creation request...
2025-01-07 10:09:13,517 - logs - INFO - {'symbol': 'US.SPXW250108C6050000', 'quantity': '1', 'side': 'BUY', 'type': 'MARKET', 'api_key': '7d4f8a12-1b3c-45e9-9b1a-2a6e0fc2e975'}
2025-01-07 10:09:13,730 - logs - CRITICAL - Open position failed: Order failed because you haven't confirmed the Day-Trading Risk Disclosure. Please access: https://api.moomoo.com/v2/webview/jump?user_id=73350191&is_visitor=0&clienttype=60&clientver=8.01.4108&clientlang=0&url=800821&jump_target=1007
2025-01-07 10:30:07,774 - logs - INFO - received order creation request...
2025-01-07 10:30:07,775 - logs - INFO - {'symbol': 'US.SPXW250108C6055000', 'quantity': '1', 'side': 'BUY', 'type': 'MARKET', 'api_key': '7d4f8a12-1b3c-45e9-9b1a-2a6e0fc2e975'}
2025-01-07 10:39:07,657 - logs - INFO - received order creation request...
2025-01-07 10:39:07,658 - logs - INFO - {'symbol': 'US.SPXW250108C6040000', 'quantity': '1', 'side': 'BUY', 'type': 'MARKET', 'api_key': '7d4f8a12-1b3c-45e9-9b1a-2a6e0fc2e975'}
2025-01-07 11:33:12,976 - logs - INFO - received order creation request...
2025-01-07 11:33:12,985 - logs - INFO - {'symbol': 'US.SPXW250108C6050000', 'quantity': '1', 'side': 'BUY', 'type': 'MARKET', 'api_key': '7d4f8a12-1b3c-45e9-9b1a-2a6e0fc2e975'}
2025-01-07 11:48:09,474 - logs - INFO - received order creation request...
2025-01-07 11:48:09,475 - logs - INFO - {'symbol': 'US.SPXW250108C6050000', 'quantity': '1', 'side': 'BUY', 'type': 'MARKET', 'api_key': '7d4f8a12-1b3c-45e9-9b1a-2a6e0fc2e975'}
2025-01-07 11:53:57,057 - logs - CRITICAL - Open position failed: invalid connid
2025-01-07 11:53:57,057 - logs - CRITICAL - Open position failed: invalid connid
2025-01-07 11:53:57,058 - logs - CRITICAL - Open position failed: invalid connid
2025-01-07 11:53:57,058 - logs - CRITICAL - Open position failed: invalid connid
2025-01-07 11:54:06,985 - logs - INFO - received order creation request...
2025-01-07 11:54:06,988 - logs - INFO - {'symbol': 'US.SPXW250108C6040000', 'quantity': '1', 'side': 'BUY', 'type': 'MARKET', 'api_key': '7d4f8a12-1b3c-45e9-9b1a-2a6e0fc2e975'}
2025-01-07 11:54:07,121 - logs - CRITICAL - Open position failed: Cannot find 'SPXW250108C6040000' in US Securities. Please confirm whether the entered stock code or the trading object used is correct.
2025-01-07 11:54:09,134 - logs - INFO - received order creation request...
2025-01-07 11:54:09,136 - logs - INFO - {'symbol': 'US.SPXW250108C6035000', 'quantity': '1', 'side': 'BUY', 'type': 'MARKET', 'api_key': '7d4f8a12-1b3c-45e9-9b1a-2a6e0fc2e975'}
2025-01-07 11:54:09,187 - logs - CRITICAL - Open position failed: Cannot find 'SPXW250108C6035000' in US Securities. Please confirm whether the entered stock code or the trading object used is correct.
2025-01-07 11:54:11,197 - logs - INFO - received order creation request...
2025-01-07 11:54:11,197 - logs - INFO - {'symbol': 'US.SPXW250108C6030000', 'quantity': '1', 'side': 'BUY', 'type': 'MARKET', 'api_key': '7d4f8a12-1b3c-45e9-9b1a-2a6e0fc2e975'}
2025-01-07 11:54:11,243 - logs - CRITICAL - Open position failed: Cannot find 'SPXW250108C6030000' in US Securities. Please confirm whether the entered stock code or the trading object used is correct.
2025-01-07 12:06:06,899 - logs - INFO - received order creation request...
2025-01-07 12:06:06,901 - logs - INFO - {'symbol': 'US.SPXW250108C6040000', 'quantity': '1', 'side': 'BUY', 'type': 'MARKET', 'api_key': '7d4f8a12-1b3c-45e9-9b1a-2a6e0fc2e975'}
2025-01-07 12:06:06,988 - logs - CRITICAL - Open position failed: Cannot find 'SPXW250108C6040000' in US Securities. Please confirm whether the entered stock code or the trading object used is correct.
2025-01-07 12:06:09,000 - logs - INFO - received order creation request...
2025-01-07 12:06:09,000 - logs - INFO - {'symbol': 'US.SPXW250108C6035000', 'quantity': '1', 'side': 'BUY', 'type': 'MARKET', 'api_key': '7d4f8a12-1b3c-45e9-9b1a-2a6e0fc2e975'}
2025-01-07 12:06:09,045 - logs - CRITICAL - Open position failed: Cannot find 'SPXW250108C6035000' in US Securities. Please confirm whether the entered stock code or the trading object used is correct.
2025-01-07 12:06:11,054 - logs - INFO - received order creation request...
2025-01-07 12:06:11,055 - logs - INFO - {'symbol': 'US.SPXW250108C6030000', 'quantity': '1', 'side': 'BUY', 'type': 'MARKET', 'api_key': '7d4f8a12-1b3c-45e9-9b1a-2a6e0fc2e975'}
2025-01-07 12:06:11,097 - logs - CRITICAL - Open position failed: Cannot find 'SPXW250108C6030000' in US Securities. Please confirm whether the entered stock code or the trading object used is correct.
2025-01-07 12:21:06,718 - logs - INFO - received order creation request...
2025-01-07 12:21:06,718 - logs - INFO - {'symbol': 'US.SPXW250108C6040000', 'quantity': '1', 'side': 'BUY', 'type': 'MARKET', 'api_key': '7d4f8a12-1b3c-45e9-9b1a-2a6e0fc2e975'}
2025-01-07 12:21:06,767 - logs - CRITICAL - Open position failed: Cannot find 'SPXW250108C6040000' in US Securities. Please confirm whether the entered stock code or the trading object used is correct.
2025-01-07 12:21:08,775 - logs - INFO - received order creation request...
2025-01-07 12:21:08,775 - logs - INFO - {'symbol': 'US.SPXW250108C6035000', 'quantity': '1', 'side': 'BUY', 'type': 'MARKET', 'api_key': '7d4f8a12-1b3c-45e9-9b1a-2a6e0fc2e975'}
2025-01-07 12:21:08,819 - logs - CRITICAL - Open position failed: Cannot find 'SPXW250108C6035000' in US Securities. Please confirm whether the entered stock code or the trading object used is correct.
2025-01-07 12:21:10,829 - logs - INFO - received order creation request...
2025-01-07 12:21:10,829 - logs - INFO - {'symbol': 'US.SPXW250108C6030000', 'quantity': '1', 'side': 'BUY', 'type': 'MARKET', 'api_key': '7d4f8a12-1b3c-45e9-9b1a-2a6e0fc2e975'}
2025-01-07 12:21:10,877 - logs - CRITICAL - Open position failed: Cannot find 'SPXW250108C6030000' in US Securities. Please confirm whether the entered stock code or the trading object used is correct.
2025-01-07 12:36:06,925 - logs - INFO - received order creation request...
2025-01-07 12:36:06,945 - logs - INFO - {'symbol': 'US.SPXW250108C6035000', 'quantity': '1', 'side': 'BUY', 'type': 'MARKET', 'api_key': '7d4f8a12-1b3c-45e9-9b1a-2a6e0fc2e975'}
2025-01-07 12:36:07,000 - logs - CRITICAL - Open position failed: Cannot find 'SPXW250108C6035000' in US Securities. Please confirm whether the entered stock code or the trading object used is correct.
2025-01-07 12:36:09,010 - logs - INFO - received order creation request...
2025-01-07 12:36:09,010 - logs - INFO - {'symbol': 'US.SPXW250108C6030000', 'quantity': '1', 'side': 'BUY', 'type': 'MARKET', 'api_key': '7d4f8a12-1b3c-45e9-9b1a-2a6e0fc2e975'}
2025-01-07 12:36:09,061 - logs - CRITICAL - Open position failed: Cannot find 'SPXW250108C6030000' in US Securities. Please confirm whether the entered stock code or the trading object used is correct.
2025-01-07 12:36:11,070 - logs - INFO - received order creation request...
2025-01-07 12:36:11,070 - logs - INFO - {'symbol': 'US.SPXW250108C6025000', 'quantity': '1', 'side': 'BUY', 'type': 'MARKET', 'api_key': '7d4f8a12-1b3c-45e9-9b1a-2a6e0fc2e975'}
2025-01-07 12:36:11,115 - logs - CRITICAL - Open position failed: Cannot find 'SPXW250108C6025000' in US Securities. Please confirm whether the entered stock code or the trading object used is correct.
